

Started GET "/" for 127.0.0.1 at 2011-01-15 14:31:19 +0100

ActionController::RoutingError (No route matches "/"):
  

Rendered /Users/rabarroso/.rvm/gems/ruby-1.9.2-p136@tallerarmero/gems/actionpack-3.0.3/lib/action_dispatch/middleware/templates/rescues/routing_error.erb within rescues/layout (1.3ms)


Started GET "/" for 127.0.0.1 at 2011-01-15 14:38:30 +0100

ActionController::RoutingError (uninitialized constant SitesController):
  

Rendered /Users/rabarroso/.rvm/gems/ruby-1.9.2-p136@tallerarmero/gems/actionpack-3.0.3/lib/action_dispatch/middleware/templates/rescues/routing_error.erb within rescues/layout (0.9ms)


Started GET "/" for 127.0.0.1 at 2011-01-15 14:39:16 +0100

ActionController::RoutingError (uninitialized constant SitesController):
  

Rendered /Users/rabarroso/.rvm/gems/ruby-1.9.2-p136@tallerarmero/gems/actionpack-3.0.3/lib/action_dispatch/middleware/templates/rescues/routing_error.erb within rescues/layout (1.0ms)


Started GET "/" for 127.0.0.1 at 2011-01-15 14:41:22 +0100
  Processing by ApplicationController#index as HTML
Completed   in 30ms

ActionView::MissingTemplate (Missing template application/index with {:handlers=>[:erb, :rjs, :builder, :rhtml, :rxml], :formats=>[:html], :locale=>[:en, :en]} in view paths "/Users/rabarroso/workspace/tallerarmero/app/views"):
  

Rendered /Users/rabarroso/.rvm/gems/ruby-1.9.2-p136@tallerarmero/gems/actionpack-3.0.3/lib/action_dispatch/middleware/templates/rescues/missing_template.erb within rescues/layout (0.9ms)


Started GET "/" for 127.0.0.1 at 2011-01-15 14:44:53 +0100
  Processing by ApplicationController#index as HTML
Completed   in 2ms

ActionView::MissingTemplate (Missing template application/index with {:handlers=>[:erb, :rjs, :builder, :rhtml, :rxml], :formats=>[:html], :locale=>[:en, :en]} in view paths "/Users/rabarroso/workspace/tallerarmero/app/views"):
  

Rendered /Users/rabarroso/.rvm/gems/ruby-1.9.2-p136@tallerarmero/gems/actionpack-3.0.3/lib/action_dispatch/middleware/templates/rescues/missing_template.erb within rescues/layout (0.9ms)


Started GET "/" for 127.0.0.1 at 2011-01-15 14:47:23 +0100
  Processing by ApplicationController#index as HTML
Rendered public/404.html within layouts/application (2.3ms)
Completed 200 OK in 7ms (Views: 7.1ms | ActiveRecord: 0.0ms)


Started GET "/" for 127.0.0.1 at 2011-01-15 14:48:06 +0100
  Processing by ApplicationController#index as HTML
Rendered public/404.html within layouts/application (2.2ms)
Completed 200 OK in 6ms (Views: 5.3ms | ActiveRecord: 0.0ms)


Started GET "/" for 127.0.0.1 at 2011-01-15 15:08:13 +0100
  Processing by ApplicationController#index as HTML
Rendered public/500.html within layouts/application (2.7ms)
Completed 200 OK in 53ms (Views: 52.6ms | ActiveRecord: 0.0ms)


Started GET "/" for 127.0.0.1 at 2011-01-15 16:25:08 +0100
  Processing by ApplicationController#index as HTML
Completed   in 2ms

ActionView::MissingTemplate (Missing template application/index with {:handlers=>[:erb, :rjs, :builder, :rhtml, :rxml], :formats=>[:html], :locale=>[:en, :en]} in view paths "/Users/rabarroso/workspace/tallerarmero/app/views"):
  

Rendered /Users/rabarroso/.rvm/gems/ruby-1.9.2-p136@tallerarmero/gems/actionpack-3.0.3/lib/action_dispatch/middleware/templates/rescues/missing_template.erb within rescues/layout (1.0ms)


Started GET "/" for 127.0.0.1 at 2011-01-15 16:27:37 +0100
  Processing by ApplicationController#index as HTML
Completed   in 2ms

ActionView::MissingTemplate (Missing template application/index with {:handlers=>[:erb, :rjs, :builder, :rhtml, :rxml], :formats=>[:html], :locale=>[:en, :en]} in view paths "/Users/rabarroso/workspace/tallerarmero/app/views"):
  

Rendered /Users/rabarroso/.rvm/gems/ruby-1.9.2-p136@tallerarmero/gems/actionpack-3.0.3/lib/action_dispatch/middleware/templates/rescues/missing_template.erb within rescues/layout (0.8ms)


Started GET "/" for 127.0.0.1 at 2011-01-15 16:28:12 +0100
  Processing by ApplicationController#index as HTML
Completed   in 2ms

ActionView::MissingTemplate (Missing template application/index with {:handlers=>[:erb, :rjs, :builder, :rhtml, :rxml], :formats=>[:html], :locale=>[:en, :en]} in view paths "/Users/rabarroso/workspace/tallerarmero/app/views"):
  

Rendered /Users/rabarroso/.rvm/gems/ruby-1.9.2-p136@tallerarmero/gems/actionpack-3.0.3/lib/action_dispatch/middleware/templates/rescues/missing_template.erb within rescues/layout (0.9ms)


Started GET "/" for 127.0.0.1 at 2011-01-15 16:28:13 +0100
  Processing by ApplicationController#index as HTML
Completed   in 32ms

ActionView::MissingTemplate (Missing template application/index with {:handlers=>[:erb, :rjs, :builder, :rhtml, :rxml], :formats=>[:html], :locale=>[:en, :en]} in view paths "/Users/rabarroso/workspace/tallerarmero/app/views"):
  

Rendered /Users/rabarroso/.rvm/gems/ruby-1.9.2-p136@tallerarmero/gems/actionpack-3.0.3/lib/action_dispatch/middleware/templates/rescues/missing_template.erb within rescues/layout (0.8ms)


Started GET "/" for 127.0.0.1 at 2011-01-15 16:28:13 +0100
  Processing by ApplicationController#index as HTML
Completed   in 2ms

ActionView::MissingTemplate (Missing template application/index with {:handlers=>[:erb, :rjs, :builder, :rhtml, :rxml], :formats=>[:html], :locale=>[:en, :en]} in view paths "/Users/rabarroso/workspace/tallerarmero/app/views"):
  

Rendered /Users/rabarroso/.rvm/gems/ruby-1.9.2-p136@tallerarmero/gems/actionpack-3.0.3/lib/action_dispatch/middleware/templates/rescues/missing_template.erb within rescues/layout (0.8ms)


Started GET "/" for 127.0.0.1 at 2011-01-15 16:28:13 +0100
  Processing by ApplicationController#index as HTML
Completed   in 2ms

ActionView::MissingTemplate (Missing template application/index with {:handlers=>[:erb, :rjs, :builder, :rhtml, :rxml], :formats=>[:html], :locale=>[:en, :en]} in view paths "/Users/rabarroso/workspace/tallerarmero/app/views"):
  

Rendered /Users/rabarroso/.rvm/gems/ruby-1.9.2-p136@tallerarmero/gems/actionpack-3.0.3/lib/action_dispatch/middleware/templates/rescues/missing_template.erb within rescues/layout (0.8ms)


Started GET "/" for 127.0.0.1 at 2011-01-15 16:28:13 +0100
  Processing by ApplicationController#index as HTML
Completed   in 2ms

ActionView::MissingTemplate (Missing template application/index with {:handlers=>[:erb, :rjs, :builder, :rhtml, :rxml], :formats=>[:html], :locale=>[:en, :en]} in view paths "/Users/rabarroso/workspace/tallerarmero/app/views"):
  

Rendered /Users/rabarroso/.rvm/gems/ruby-1.9.2-p136@tallerarmero/gems/actionpack-3.0.3/lib/action_dispatch/middleware/templates/rescues/missing_template.erb within rescues/layout (0.8ms)


Started GET "/" for 127.0.0.1 at 2011-01-15 16:28:13 +0100
  Processing by ApplicationController#index as HTML
Completed   in 2ms

ActionView::MissingTemplate (Missing template application/index with {:handlers=>[:erb, :rjs, :builder, :rhtml, :rxml], :formats=>[:html], :locale=>[:en, :en]} in view paths "/Users/rabarroso/workspace/tallerarmero/app/views"):
  

Rendered /Users/rabarroso/.rvm/gems/ruby-1.9.2-p136@tallerarmero/gems/actionpack-3.0.3/lib/action_dispatch/middleware/templates/rescues/missing_template.erb within rescues/layout (0.8ms)


Started GET "/" for 127.0.0.1 at 2011-01-15 16:28:14 +0100
  Processing by ApplicationController#index as HTML
Completed   in 2ms

ActionView::MissingTemplate (Missing template application/index with {:handlers=>[:erb, :rjs, :builder, :rhtml, :rxml], :formats=>[:html], :locale=>[:en, :en]} in view paths "/Users/rabarroso/workspace/tallerarmero/app/views"):
  

Rendered /Users/rabarroso/.rvm/gems/ruby-1.9.2-p136@tallerarmero/gems/actionpack-3.0.3/lib/action_dispatch/middleware/templates/rescues/missing_template.erb within rescues/layout (29.8ms)


Started GET "/" for 127.0.0.1 at 2011-01-15 16:28:14 +0100
  Processing by ApplicationController#index as HTML
Completed   in 2ms

ActionView::MissingTemplate (Missing template application/index with {:handlers=>[:erb, :rjs, :builder, :rhtml, :rxml], :formats=>[:html], :locale=>[:en, :en]} in view paths "/Users/rabarroso/workspace/tallerarmero/app/views"):
  

Rendered /Users/rabarroso/.rvm/gems/ruby-1.9.2-p136@tallerarmero/gems/actionpack-3.0.3/lib/action_dispatch/middleware/templates/rescues/missing_template.erb within rescues/layout (0.8ms)


Started GET "/" for 127.0.0.1 at 2011-01-15 16:28:14 +0100
  Processing by ApplicationController#index as HTML
Completed   in 2ms

ActionView::MissingTemplate (Missing template application/index with {:handlers=>[:erb, :rjs, :builder, :rhtml, :rxml], :formats=>[:html], :locale=>[:en, :en]} in view paths "/Users/rabarroso/workspace/tallerarmero/app/views"):
  

Rendered /Users/rabarroso/.rvm/gems/ruby-1.9.2-p136@tallerarmero/gems/actionpack-3.0.3/lib/action_dispatch/middleware/templates/rescues/missing_template.erb within rescues/layout (0.8ms)


Started GET "/" for 127.0.0.1 at 2011-01-15 16:28:35 +0100
  Processing by ApplicationController#home as HTML
Completed   in 2ms

ActionView::MissingTemplate (Missing template application/home with {:handlers=>[:erb, :rjs, :builder, :rhtml, :rxml], :formats=>[:html], :locale=>[:en, :en]} in view paths "/Users/rabarroso/workspace/tallerarmero/app/views"):
  

Rendered /Users/rabarroso/.rvm/gems/ruby-1.9.2-p136@tallerarmero/gems/actionpack-3.0.3/lib/action_dispatch/middleware/templates/rescues/missing_template.erb within rescues/layout (0.8ms)


Started GET "/" for 127.0.0.1 at 2011-01-15 16:28:35 +0100
  Processing by ApplicationController#home as HTML
Completed   in 2ms

ActionView::MissingTemplate (Missing template application/home with {:handlers=>[:erb, :rjs, :builder, :rhtml, :rxml], :formats=>[:html], :locale=>[:en, :en]} in view paths "/Users/rabarroso/workspace/tallerarmero/app/views"):
  

Rendered /Users/rabarroso/.rvm/gems/ruby-1.9.2-p136@tallerarmero/gems/actionpack-3.0.3/lib/action_dispatch/middleware/templates/rescues/missing_template.erb within rescues/layout (0.8ms)


Started GET "/" for 127.0.0.1 at 2011-01-15 16:28:35 +0100
  Processing by ApplicationController#home as HTML
Completed   in 2ms

ActionView::MissingTemplate (Missing template application/home with {:handlers=>[:erb, :rjs, :builder, :rhtml, :rxml], :formats=>[:html], :locale=>[:en, :en]} in view paths "/Users/rabarroso/workspace/tallerarmero/app/views"):
  

Rendered /Users/rabarroso/.rvm/gems/ruby-1.9.2-p136@tallerarmero/gems/actionpack-3.0.3/lib/action_dispatch/middleware/templates/rescues/missing_template.erb within rescues/layout (0.8ms)


Started GET "/" for 127.0.0.1 at 2011-01-15 16:28:36 +0100
  Processing by ApplicationController#home as HTML
Completed   in 2ms

ActionView::MissingTemplate (Missing template application/home with {:handlers=>[:erb, :rjs, :builder, :rhtml, :rxml], :formats=>[:html], :locale=>[:en, :en]} in view paths "/Users/rabarroso/workspace/tallerarmero/app/views"):
  

Rendered /Users/rabarroso/.rvm/gems/ruby-1.9.2-p136@tallerarmero/gems/actionpack-3.0.3/lib/action_dispatch/middleware/templates/rescues/missing_template.erb within rescues/layout (0.8ms)


Started GET "/" for 127.0.0.1 at 2011-01-15 16:28:36 +0100
  Processing by ApplicationController#home as HTML
Completed   in 2ms

ActionView::MissingTemplate (Missing template application/home with {:handlers=>[:erb, :rjs, :builder, :rhtml, :rxml], :formats=>[:html], :locale=>[:en, :en]} in view paths "/Users/rabarroso/workspace/tallerarmero/app/views"):
  

Rendered /Users/rabarroso/.rvm/gems/ruby-1.9.2-p136@tallerarmero/gems/actionpack-3.0.3/lib/action_dispatch/middleware/templates/rescues/missing_template.erb within rescues/layout (0.8ms)


Started GET "/" for 127.0.0.1 at 2011-01-15 16:28:36 +0100
  Processing by ApplicationController#home as HTML
Completed   in 2ms

ActionView::MissingTemplate (Missing template application/home with {:handlers=>[:erb, :rjs, :builder, :rhtml, :rxml], :formats=>[:html], :locale=>[:en, :en]} in view paths "/Users/rabarroso/workspace/tallerarmero/app/views"):
  

Rendered /Users/rabarroso/.rvm/gems/ruby-1.9.2-p136@tallerarmero/gems/actionpack-3.0.3/lib/action_dispatch/middleware/templates/rescues/missing_template.erb within rescues/layout (0.8ms)


Started GET "/" for 127.0.0.1 at 2011-01-15 16:29:47 +0100
  Processing by ApplicationController#home as HTML
Rendered application/home.html.erb within layouts/application (1.8ms)
Completed 200 OK in 5ms (Views: 4.7ms | ActiveRecord: 0.0ms)


Started GET "/ASD" for 127.0.0.1 at 2011-01-15 16:31:25 +0100

ActionController::RoutingError (No route matches "/ASD"):
  

Rendered /Users/rabarroso/.rvm/gems/ruby-1.9.2-p136@tallerarmero/gems/actionpack-3.0.3/lib/action_dispatch/middleware/templates/rescues/routing_error.erb within rescues/layout (1.0ms)


Started GET "/a" for 127.0.0.1 at 2011-01-15 16:31:30 +0100

ActionController::RoutingError (No route matches "/a"):
  

Rendered /Users/rabarroso/.rvm/gems/ruby-1.9.2-p136@tallerarmero/gems/actionpack-3.0.3/lib/action_dispatch/middleware/templates/rescues/routing_error.erb within rescues/layout (1.0ms)


Started GET "/a" for 127.0.0.1 at 2011-01-15 16:41:49 +0100
  Processing by ErrorsController#routing as HTML
  Parameters: {"a"=>"a"}
Rendered public/404.html (0.4ms)
Completed 404 Not Found in 5ms (Views: 4.1ms | ActiveRecord: 0.0ms)


Started GET "/aasd" for 127.0.0.1 at 2011-01-15 16:42:04 +0100
  Processing by ErrorsController#routing as HTML
  Parameters: {"a"=>"aasd"}
Rendered public/404.html (0.3ms)
Completed 404 Not Found in 4ms (Views: 3.4ms | ActiveRecord: 0.0ms)


Started GET "/" for 127.0.0.1 at 2011-01-15 16:42:08 +0100
  Processing by ApplicationController#home as HTML
Rendered application/home.html.erb within layouts/application (1.8ms)
Completed 200 OK in 5ms (Views: 4.3ms | ActiveRecord: 0.0ms)


Started GET "/asd" for 127.0.0.1 at 2011-01-15 16:42:29 +0100
  Processing by ErrorsController#routing as HTML
  Parameters: {"a"=>"asd"}
Rendered public/404.html (0.3ms)
Completed 404 Not Found in 4ms (Views: 3.3ms | ActiveRecord: 0.0ms)


Started GET "/asd" for 127.0.0.1 at 2011-01-15 16:43:25 +0100
  Processing by ErrorsController#routing as HTML
  Parameters: {"a"=>"asd"}
Rendered public/404.html (0.4ms)
Completed 404 Not Found in 3ms (Views: 2.6ms | ActiveRecord: 0.0ms)


Started GET "/asd" for 127.0.0.1 at 2011-01-15 16:43:34 +0100
  Processing by ErrorsController#routing as HTML
  Parameters: {"a"=>"asd"}
Rendered public/404.html (0.3ms)
Completed 404 Not Found in 3ms (Views: 2.5ms | ActiveRecord: 0.0ms)


Started GET "/asd" for 127.0.0.1 at 2011-01-15 16:43:46 +0100
  Processing by ErrorsController#routing as HTML
  Parameters: {"a"=>"asd"}
Rendered public/404.html (0.3ms)
Completed 404 Not Found in 3ms (Views: 2.6ms | ActiveRecord: 0.0ms)


Started GET "/asd" for 127.0.0.1 at 2011-01-15 16:43:51 +0100
  Processing by ErrorsController#routing as HTML
  Parameters: {"a"=>"asd"}
Rendered public/404.html (0.4ms)
Completed 404 Not Found in 3ms (Views: 2.7ms | ActiveRecord: 0.0ms)


Started GET "/ASDASDASD" for 127.0.0.1 at 2011-01-15 16:43:56 +0100
  Processing by ErrorsController#routing as HTML
  Parameters: {"a"=>"ASDASDASD"}
Rendered public/404.html (0.4ms)
Completed 404 Not Found in 3ms (Views: 2.7ms | ActiveRecord: 0.0ms)


Started GET "/ASDASDASD" for 127.0.0.1 at 2011-01-15 16:44:02 +0100
  Processing by ErrorsController#routing as HTML
  Parameters: {"a"=>"ASDASDASD"}
Rendered public/404.html (0.4ms)
Completed 404 Not Found in 3ms (Views: 2.6ms | ActiveRecord: 0.0ms)


Started GET "/ASDASDASD" for 127.0.0.1 at 2011-01-15 16:44:13 +0100
  Processing by ErrorsController#routing as HTML
  Parameters: {"a"=>"ASDASDASD"}
Rendered public/404.html (0.3ms)
Completed 404 Not Found in 3ms (Views: 2.6ms | ActiveRecord: 0.0ms)


Started GET "/ASDASDASD" for 127.0.0.1 at 2011-01-15 16:44:25 +0100
  Processing by ErrorsController#routing as HTML
  Parameters: {"a"=>"ASDASDASD"}
Rendered public/404.html (0.4ms)
Completed 404 Not Found in 4ms (Views: 3.5ms | ActiveRecord: 0.0ms)


Started GET "/asdasd" for 127.0.0.1 at 2011-01-15 16:44:30 +0100
  Processing by ErrorsController#routing as HTML
  Parameters: {"a"=>"asdasd"}
Rendered public/404.html (0.3ms)
Completed 404 Not Found in 4ms (Views: 3.4ms | ActiveRecord: 0.0ms)


Started GET "/" for 127.0.0.1 at 2011-01-15 16:44:32 +0100
  Processing by ApplicationController#home as HTML
Rendered application/home.html.erb within layouts/application (1.8ms)
Completed 200 OK in 5ms (Views: 4.3ms | ActiveRecord: 0.0ms)


Started GET "/" for 127.0.0.1 at 2011-01-15 18:54:58 +0100
  Processing by ApplicationController#home as HTML
Rendered application/home.html.erb within layouts/application (33.5ms)
Completed 200 OK in 36ms (Views: 36.1ms | ActiveRecord: 0.0ms)


Started GET "/search" for 127.0.0.1 at 2011-01-15 18:55:02 +0100
  Processing by ErrorsController#routing as HTML
  Parameters: {"a"=>"search"}
Rendered public/404.html (0.4ms)
Completed 404 Not Found in 4ms (Views: 3.4ms | ActiveRecord: 0.0ms)


Started GET "/search" for 127.0.0.1 at 2011-01-15 18:56:28 +0100
  Processing by ApplicationController#home as HTML
Rendered application/home.html.erb within layouts/application (1.8ms)
Completed 200 OK in 5ms (Views: 4.3ms | ActiveRecord: 0.0ms)


Started GET "/search" for 127.0.0.1 at 2011-01-15 18:57:03 +0100
  Processing by ApplicationController#home as HTML
Rendered application/home.html.erb within layouts/application (1.8ms)
Completed 200 OK in 4ms (Views: 4.2ms | ActiveRecord: 0.0ms)


Started GET "/search" for 127.0.0.1 at 2011-01-15 18:59:55 +0100
  Processing by ErrorsController#routing as HTML
  Parameters: {"a"=>"search"}
Rendered public/404.html (0.3ms)
Completed 404 Not Found in 4ms (Views: 3.3ms | ActiveRecord: 0.0ms)


Started GET "/" for 127.0.0.1 at 2011-01-15 18:59:57 +0100
  Processing by ApplicationController#home as HTML
Rendered application/home.html.erb within layouts/application (2.0ms)
Completed 200 OK in 5ms (Views: 4.5ms | ActiveRecord: 0.0ms)


Started GET "/" for 127.0.0.1 at 2011-01-15 18:59:58 +0100
  Processing by ApplicationController#home as HTML
Rendered application/home.html.erb within layouts/application (1.8ms)
Completed 200 OK in 5ms (Views: 4.3ms | ActiveRecord: 0.0ms)


Started GET "/search" for 127.0.0.1 at 2011-01-15 19:00:05 +0100
  Processing by ErrorsController#routing as HTML
  Parameters: {"a"=>"search"}
Rendered public/404.html (0.3ms)
Completed 404 Not Found in 4ms (Views: 3.4ms | ActiveRecord: 0.0ms)


Started GET "/search" for 127.0.0.1 at 2011-01-15 19:00:10 +0100
  Processing by ErrorsController#routing as HTML
  Parameters: {"a"=>"search"}
Rendered public/404.html (0.4ms)
Completed 404 Not Found in 4ms (Views: 3.4ms | ActiveRecord: 0.0ms)


Started GET "/search" for 127.0.0.1 at 2011-01-15 19:00:23 +0100
  Processing by ErrorsController#routing as HTML
  Parameters: {"a"=>"search"}
Rendered public/404.html (0.4ms)
Completed 404 Not Found in 4ms (Views: 3.6ms | ActiveRecord: 0.0ms)


Started GET "/" for 127.0.0.1 at 2011-01-15 19:03:12 +0100
  Processing by ApplicationController#home as HTML
Rendered application/home.html.erb within layouts/application (1.8ms)
Completed 200 OK in 5ms (Views: 4.3ms | ActiveRecord: 0.0ms)


Started GET "/javascripts/prototype.js" for 127.0.0.1 at 2011-01-15 19:03:12 +0100
  Processing by ErrorsController#routing as */*
  Parameters: {"a"=>"javascripts/prototype.js"}
Rendered public/404.html (0.7ms)
Completed 404 Not Found in 18ms (Views: 17.1ms | ActiveRecord: 0.0ms)


Started GET "/javascripts/effects.js" for 127.0.0.1 at 2011-01-15 19:03:12 +0100
  Processing by ErrorsController#routing as */*
  Parameters: {"a"=>"javascripts/effects.js"}
Rendered public/404.html (0.4ms)
Completed 404 Not Found in 11ms (Views: 11.1ms | ActiveRecord: 0.0ms)


Started GET "/javascripts/dragdrop.js" for 127.0.0.1 at 2011-01-15 19:03:12 +0100
  Processing by ErrorsController#routing as */*
  Parameters: {"a"=>"javascripts/dragdrop.js"}
Rendered public/404.html (0.4ms)
Completed 404 Not Found in 12ms (Views: 11.4ms | ActiveRecord: 0.0ms)


Started GET "/javascripts/controls.js" for 127.0.0.1 at 2011-01-15 19:03:12 +0100
  Processing by ErrorsController#routing as */*
  Parameters: {"a"=>"javascripts/controls.js"}
Rendered public/404.html (0.4ms)
Completed 404 Not Found in 12ms (Views: 11.5ms | ActiveRecord: 0.0ms)


Started GET "/javascripts/rails.js" for 127.0.0.1 at 2011-01-15 19:03:12 +0100
  Processing by ErrorsController#routing as */*
  Parameters: {"a"=>"javascripts/rails.js"}
Rendered public/404.html (0.5ms)
Completed 404 Not Found in 14ms (Views: 13.4ms | ActiveRecord: 0.0ms)


Started GET "/" for 127.0.0.1 at 2011-01-15 19:04:25 +0100
  Processing by ApplicationController#home as HTML
Rendered application/home.html.erb within layouts/application (1.6ms)
Completed 200 OK in 4ms (Views: 4.1ms | ActiveRecord: 0.0ms)


Started GET "/javascripts/prototype.js" for 127.0.0.1 at 2011-01-15 19:04:25 +0100
  Processing by ErrorsController#routing as */*
  Parameters: {"a"=>"javascripts/prototype.js"}
Rendered public/404.html (0.4ms)
Completed 404 Not Found in 20ms (Views: 19.2ms | ActiveRecord: 0.0ms)


Started GET "/javascripts/effects.js" for 127.0.0.1 at 2011-01-15 19:04:25 +0100
  Processing by ErrorsController#routing as */*
  Parameters: {"a"=>"javascripts/effects.js"}
Rendered public/404.html (0.4ms)
Completed 404 Not Found in 12ms (Views: 11.4ms | ActiveRecord: 0.0ms)


Started GET "/javascripts/dragdrop.js" for 127.0.0.1 at 2011-01-15 19:04:25 +0100
  Processing by ErrorsController#routing as */*
  Parameters: {"a"=>"javascripts/dragdrop.js"}
Rendered public/404.html (0.4ms)
Completed 404 Not Found in 13ms (Views: 12.4ms | ActiveRecord: 0.0ms)


Started GET "/javascripts/controls.js" for 127.0.0.1 at 2011-01-15 19:04:25 +0100
  Processing by ErrorsController#routing as */*
  Parameters: {"a"=>"javascripts/controls.js"}
Rendered public/404.html (0.4ms)
Completed 404 Not Found in 12ms (Views: 11.8ms | ActiveRecord: 0.0ms)


Started GET "/javascripts/rails.js" for 127.0.0.1 at 2011-01-15 19:04:25 +0100
  Processing by ErrorsController#routing as */*
  Parameters: {"a"=>"javascripts/rails.js"}
Rendered public/404.html (0.4ms)
Completed 404 Not Found in 15ms (Views: 14.9ms | ActiveRecord: 0.0ms)


Started GET "/images/sites/common/bkg_body_repeatxy.jpg" for 127.0.0.1 at 2011-01-15 19:04:25 +0100
  Processing by ErrorsController#routing as */*
  Parameters: {"a"=>"images/sites/common/bkg_body_repeatxy.jpg"}
Rendered public/404.html (0.8ms)
Completed 404 Not Found in 12ms (Views: 12.1ms | ActiveRecord: 0.0ms)


Started GET "/" for 127.0.0.1 at 2011-01-15 19:04:45 +0100
  Processing by ApplicationController#home as HTML
Rendered application/home.html.erb within layouts/application (1.8ms)
Completed 200 OK in 5ms (Views: 4.3ms | ActiveRecord: 0.0ms)


Started GET "/javascripts/controls.js" for 127.0.0.1 at 2011-01-15 19:04:45 +0100
  Processing by ErrorsController#routing as */*
  Parameters: {"a"=>"javascripts/controls.js"}
Rendered public/404.html (0.4ms)
Completed 404 Not Found in 13ms (Views: 12.5ms | ActiveRecord: 0.0ms)


Started GET "/javascripts/effects.js" for 127.0.0.1 at 2011-01-15 19:04:45 +0100
  Processing by ErrorsController#routing as */*
  Parameters: {"a"=>"javascripts/effects.js"}
Rendered public/404.html (0.4ms)
Completed 404 Not Found in 12ms (Views: 11.6ms | ActiveRecord: 0.0ms)


Started GET "/javascripts/dragdrop.js" for 127.0.0.1 at 2011-01-15 19:04:45 +0100
  Processing by ErrorsController#routing as */*
  Parameters: {"a"=>"javascripts/dragdrop.js"}
Rendered public/404.html (0.4ms)
Completed 404 Not Found in 13ms (Views: 12.1ms | ActiveRecord: 0.0ms)


Started GET "/javascripts/prototype.js" for 127.0.0.1 at 2011-01-15 19:04:45 +0100
  Processing by ErrorsController#routing as */*
  Parameters: {"a"=>"javascripts/prototype.js"}
Rendered public/404.html (0.4ms)
Completed 404 Not Found in 12ms (Views: 11.2ms | ActiveRecord: 0.0ms)


Started GET "/javascripts/rails.js" for 127.0.0.1 at 2011-01-15 19:04:45 +0100
  Processing by ErrorsController#routing as */*
  Parameters: {"a"=>"javascripts/rails.js"}
Rendered public/404.html (0.4ms)
Completed 404 Not Found in 12ms (Views: 11.6ms | ActiveRecord: 0.0ms)


Started GET "/images/sites/common/bkg_body_repeatxy.jpg" for 127.0.0.1 at 2011-01-15 19:04:45 +0100
  Processing by ErrorsController#routing as */*
  Parameters: {"a"=>"images/sites/common/bkg_body_repeatxy.jpg"}
Rendered public/404.html (0.6ms)
Completed 404 Not Found in 12ms (Views: 12.1ms | ActiveRecord: 0.0ms)


Started GET "/" for 127.0.0.1 at 2011-01-15 19:06:32 +0100
  Processing by ApplicationController#home as HTML
Rendered application/home.html.erb within layouts/application (32.7ms)
Completed 200 OK in 36ms (Views: 35.2ms | ActiveRecord: 0.0ms)


Started GET "/javascripts/prototype.js" for 127.0.0.1 at 2011-01-15 19:06:33 +0100
  Processing by ErrorsController#routing as */*
  Parameters: {"a"=>"javascripts/prototype.js"}
Rendered public/404.html (0.4ms)
Completed 404 Not Found in 12ms (Views: 11.4ms | ActiveRecord: 0.0ms)


Started GET "/javascripts/effects.js" for 127.0.0.1 at 2011-01-15 19:06:33 +0100
  Processing by ErrorsController#routing as */*
  Parameters: {"a"=>"javascripts/effects.js"}
Rendered public/404.html (0.4ms)
Completed 404 Not Found in 12ms (Views: 11.4ms | ActiveRecord: 0.0ms)


Started GET "/javascripts/controls.js" for 127.0.0.1 at 2011-01-15 19:06:33 +0100
  Processing by ErrorsController#routing as */*
  Parameters: {"a"=>"javascripts/controls.js"}
Rendered public/404.html (0.4ms)
Completed 404 Not Found in 12ms (Views: 11.3ms | ActiveRecord: 0.0ms)


Started GET "/javascripts/dragdrop.js" for 127.0.0.1 at 2011-01-15 19:06:33 +0100
  Processing by ErrorsController#routing as */*
  Parameters: {"a"=>"javascripts/dragdrop.js"}
Rendered public/404.html (0.5ms)
Completed 404 Not Found in 12ms (Views: 11.5ms | ActiveRecord: 0.0ms)


Started GET "/javascripts/rails.js" for 127.0.0.1 at 2011-01-15 19:06:33 +0100
  Processing by ErrorsController#routing as */*
  Parameters: {"a"=>"javascripts/rails.js"}
Rendered public/404.html (0.4ms)
Completed 404 Not Found in 12ms (Views: 11.4ms | ActiveRecord: 0.0ms)


Started GET "/images/sites/common/bkg_body_repeatxy.jpg" for 127.0.0.1 at 2011-01-15 19:06:33 +0100
  Processing by ErrorsController#routing as */*
  Parameters: {"a"=>"images/sites/common/bkg_body_repeatxy.jpg"}
Rendered public/404.html (0.5ms)
Completed 404 Not Found in 24ms (Views: 23.6ms | ActiveRecord: 0.0ms)


Started GET "/" for 127.0.0.1 at 2011-01-15 19:06:55 +0100
  Processing by ApplicationController#home as HTML
Rendered application/home.html.erb within layouts/application (1.7ms)
Completed 200 OK in 4ms (Views: 4.1ms | ActiveRecord: 0.0ms)


Started GET "/javascripts/dragdrop.js" for 127.0.0.1 at 2011-01-15 19:06:55 +0100
  Processing by ErrorsController#routing as */*
  Parameters: {"a"=>"javascripts/dragdrop.js"}
Rendered public/404.html (0.7ms)
Completed 404 Not Found in 13ms (Views: 12.3ms | ActiveRecord: 0.0ms)


Started GET "/javascripts/rails.js" for 127.0.0.1 at 2011-01-15 19:06:55 +0100
  Processing by ErrorsController#routing as */*
  Parameters: {"a"=>"javascripts/rails.js"}
Rendered public/404.html (0.4ms)
Completed 404 Not Found in 17ms (Views: 14.9ms | ActiveRecord: 0.0ms)


Started GET "/javascripts/effects.js" for 127.0.0.1 at 2011-01-15 19:06:55 +0100
  Processing by ErrorsController#routing as */*
  Parameters: {"a"=>"javascripts/effects.js"}
Rendered public/404.html (0.4ms)
Completed 404 Not Found in 11ms (Views: 11.1ms | ActiveRecord: 0.0ms)


Started GET "/javascripts/controls.js" for 127.0.0.1 at 2011-01-15 19:06:55 +0100
  Processing by ErrorsController#routing as */*
  Parameters: {"a"=>"javascripts/controls.js"}
Rendered public/404.html (0.4ms)
Completed 404 Not Found in 11ms (Views: 11.1ms | ActiveRecord: 0.0ms)


Started GET "/javascripts/prototype.js" for 127.0.0.1 at 2011-01-15 19:06:55 +0100
  Processing by ErrorsController#routing as */*
  Parameters: {"a"=>"javascripts/prototype.js"}
Rendered public/404.html (0.4ms)
Completed 404 Not Found in 12ms (Views: 11.5ms | ActiveRecord: 0.0ms)


Started GET "/" for 127.0.0.1 at 2011-01-15 19:09:55 +0100
  Processing by ApplicationController#home as HTML
Rendered application/home.html.erb within layouts/application (1.3ms)
Completed 200 OK in 4ms (Views: 3.8ms | ActiveRecord: 0.0ms)


Started GET "/" for 127.0.0.1 at 2011-01-15 19:14:37 +0100
  Processing by ApplicationController#home as HTML
Rendered application/home.html.erb within layouts/application (1.4ms)
Completed 200 OK in 4ms (Views: 3.9ms | ActiveRecord: 0.0ms)


Started GET "/" for 127.0.0.1 at 2011-01-15 20:05:07 +0100
  Processing by ApplicationController#home as HTML
Rendered application/home.html.erb within layouts/application (1.5ms)
Completed 200 OK in 18ms (Views: 17.5ms | ActiveRecord: 0.0ms)


Started GET "/" for 127.0.0.1 at 2011-01-15 20:05:08 +0100
  Processing by ApplicationController#home as HTML
Rendered application/home.html.erb within layouts/application (1.4ms)
Completed 200 OK in 5ms (Views: 4.2ms | ActiveRecord: 0.0ms)


Started GET "/" for 127.0.0.1 at 2011-01-15 20:05:08 +0100
  Processing by ApplicationController#home as HTML
Rendered application/home.html.erb within layouts/application (1.3ms)
Completed 200 OK in 4ms (Views: 3.8ms | ActiveRecord: 0.0ms)


Started GET "/" for 127.0.0.1 at 2011-01-15 20:05:09 +0100
  Processing by ApplicationController#home as HTML
Rendered application/home.html.erb within layouts/application (1.4ms)
Completed 200 OK in 4ms (Views: 4.0ms | ActiveRecord: 0.0ms)


Started GET "/" for 127.0.0.1 at 2011-01-15 20:05:20 +0100
  Processing by ApplicationController#home as HTML
Rendered application/home.html.erb within layouts/application (1.9ms)
Completed 200 OK in 5ms (Views: 4.6ms | ActiveRecord: 0.0ms)


Started GET "/" for 127.0.0.1 at 2011-01-15 20:16:55 +0100
  Processing by ApplicationController#home as HTML
Rendered application/home.html.erb within layouts/application (1.6ms)
Completed 200 OK in 18ms (Views: 17.2ms | ActiveRecord: 0.0ms)


Started GET "/" for 127.0.0.1 at 2011-01-15 20:31:45 +0100
  Processing by ApplicationController#home as HTML
Rendered application/home.html.erb within layouts/application (1.6ms)
Completed 200 OK in 18ms (Views: 17.9ms | ActiveRecord: 0.0ms)


Started GET "/stylesheets/background_repeated.jppg" for 127.0.0.1 at 2011-01-15 20:31:45 +0100
  Processing by ErrorsController#routing as */*
  Parameters: {"a"=>"stylesheets/background_repeated.jppg"}
Rendered public/404.html (0.4ms)
Completed 404 Not Found in 13ms (Views: 12.6ms | ActiveRecord: 0.0ms)


Started GET "/" for 127.0.0.1 at 2011-01-15 20:31:55 +0100
  Processing by ApplicationController#home as HTML
Rendered application/home.html.erb within layouts/application (1.5ms)
Completed 200 OK in 4ms (Views: 4.1ms | ActiveRecord: 0.0ms)


Started GET "/" for 127.0.0.1 at 2011-01-15 20:32:55 +0100
  Processing by ApplicationController#home as HTML
Rendered application/home.html.erb within layouts/application (1.4ms)
Completed 200 OK in 4ms (Views: 3.9ms | ActiveRecord: 0.0ms)


Started GET "/" for 127.0.0.1 at 2011-01-15 20:37:26 +0100
  Processing by ApplicationController#home as HTML
Rendered application/home.html.erb within layouts/application (1.5ms)
Completed 200 OK in 4ms (Views: 4.1ms | ActiveRecord: 0.0ms)


Started GET "/" for 127.0.0.1 at 2011-01-15 20:37:53 +0100
  Processing by ApplicationController#home as HTML
Rendered application/home.html.erb within layouts/application (1.6ms)
Completed 200 OK in 5ms (Views: 4.2ms | ActiveRecord: 0.0ms)


Started GET "/" for 127.0.0.1 at 2011-01-15 20:40:25 +0100
  Processing by ApplicationController#home as HTML
Rendered application/home.html.erb within layouts/application (1.5ms)
Completed 200 OK in 4ms (Views: 4.1ms | ActiveRecord: 0.0ms)


Started GET "/" for 127.0.0.1 at 2011-01-15 20:40:51 +0100
  Processing by ApplicationController#home as HTML
Rendered application/home.html.erb within layouts/application (1.6ms)
Completed 200 OK in 5ms (Views: 4.2ms | ActiveRecord: 0.0ms)


Started GET "/" for 127.0.0.1 at 2011-01-15 20:40:54 +0100
  Processing by ApplicationController#home as HTML
Rendered application/home.html.erb within layouts/application (1.4ms)
Completed 200 OK in 4ms (Views: 3.9ms | ActiveRecord: 0.0ms)


Started GET "/" for 127.0.0.1 at 2011-01-15 20:42:28 +0100
  Processing by ApplicationController#home as HTML
Rendered application/home.html.erb within layouts/application (1.5ms)
Completed 200 OK in 4ms (Views: 4.0ms | ActiveRecord: 0.0ms)


Started GET "/" for 127.0.0.1 at 2011-01-15 20:45:43 +0100
  Processing by ApplicationController#home as HTML
Rendered application/home.html.erb within layouts/application (1.7ms)
Completed 200 OK in 5ms (Views: 4.3ms | ActiveRecord: 0.0ms)


Started GET "/" for 127.0.0.1 at 2011-01-15 20:47:18 +0100
  Processing by ApplicationController#home as HTML
ERROR: compiling _app_views_application_home_html_erb__4485142086263434237_2168943960_4601250701192552677 RAISED /Users/rabarroso/workspace/tallerarmero/app/views/application/home.html.erb:6: syntax error, unexpected keyword_ensure, expecting ')'
/Users/rabarroso/workspace/tallerarmero/app/views/application/home.html.erb:8: syntax error, unexpected keyword_end, expecting ')'
Function body:           def _app_views_application_home_html_erb__4485142086263434237_2168943960_4601250701192552677(local_assigns)
            _old_virtual_path, @_virtual_path = @_virtual_path, "application/home";_old_output_buffer = @output_buffer;;@output_buffer = ActionView::OutputBuffer.new;@output_buffer.safe_concat('<div id="menu">
    ');@output_buffer.append= ( link_to( image_tag("logo.png", :alt => 'Logo taller y reparación de armas'), '/' );@output_buffer.safe_concat('    
');@output_buffer.safe_concat('</div>

<h1>TALLER Y REPARACIÓN</h1>');@output_buffer.to_s
          ensure
            @_virtual_path, @output_buffer = _old_virtual_path, _old_output_buffer
          end
Backtrace: /Users/rabarroso/.rvm/gems/ruby-1.9.2-p136@tallerarmero/gems/actionpack-3.0.3/lib/action_view/template.rb:255:in `module_eval'
/Users/rabarroso/.rvm/gems/ruby-1.9.2-p136@tallerarmero/gems/actionpack-3.0.3/lib/action_view/template.rb:255:in `compile'
/Users/rabarroso/.rvm/gems/ruby-1.9.2-p136@tallerarmero/gems/actionpack-3.0.3/lib/action_view/template.rb:134:in `block in render'
/Users/rabarroso/.rvm/gems/ruby-1.9.2-p136@tallerarmero/gems/activesupport-3.0.3/lib/active_support/notifications.rb:54:in `instrument'
/Users/rabarroso/.rvm/gems/ruby-1.9.2-p136@tallerarmero/gems/actionpack-3.0.3/lib/action_view/template.rb:127:in `render'
/Users/rabarroso/.rvm/gems/ruby-1.9.2-p136@tallerarmero/gems/actionpack-3.0.3/lib/action_view/render/rendering.rb:59:in `block in _render_template'
/Users/rabarroso/.rvm/gems/ruby-1.9.2-p136@tallerarmero/gems/activesupport-3.0.3/lib/active_support/notifications.rb:52:in `block in instrument'
/Users/rabarroso/.rvm/gems/ruby-1.9.2-p136@tallerarmero/gems/activesupport-3.0.3/lib/active_support/notifications/instrumenter.rb:21:in `instrument'
/Users/rabarroso/.rvm/gems/ruby-1.9.2-p136@tallerarmero/gems/activesupport-3.0.3/lib/active_support/notifications.rb:52:in `instrument'
/Users/rabarroso/.rvm/gems/ruby-1.9.2-p136@tallerarmero/gems/actionpack-3.0.3/lib/action_view/render/rendering.rb:56:in `_render_template'
/Users/rabarroso/.rvm/gems/ruby-1.9.2-p136@tallerarmero/gems/actionpack-3.0.3/lib/action_view/render/rendering.rb:26:in `render'
/Users/rabarroso/.rvm/gems/ruby-1.9.2-p136@tallerarmero/gems/actionpack-3.0.3/lib/abstract_controller/rendering.rb:114:in `_render_template'
/Users/rabarroso/.rvm/gems/ruby-1.9.2-p136@tallerarmero/gems/actionpack-3.0.3/lib/abstract_controller/rendering.rb:108:in `render_to_body'
/Users/rabarroso/.rvm/gems/ruby-1.9.2-p136@tallerarmero/gems/actionpack-3.0.3/lib/action_controller/metal/renderers.rb:47:in `render_to_body'
/Users/rabarroso/.rvm/gems/ruby-1.9.2-p136@tallerarmero/gems/actionpack-3.0.3/lib/action_controller/metal/compatibility.rb:55:in `render_to_body'
/Users/rabarroso/.rvm/gems/ruby-1.9.2-p136@tallerarmero/gems/actionpack-3.0.3/lib/abstract_controller/rendering.rb:101:in `render_to_string'
/Users/rabarroso/.rvm/gems/ruby-1.9.2-p136@tallerarmero/gems/actionpack-3.0.3/lib/abstract_controller/rendering.rb:92:in `render'
/Users/rabarroso/.rvm/gems/ruby-1.9.2-p136@tallerarmero/gems/actionpack-3.0.3/lib/action_controller/metal/rendering.rb:17:in `render'
/Users/rabarroso/.rvm/gems/ruby-1.9.2-p136@tallerarmero/gems/actionpack-3.0.3/lib/action_controller/metal/instrumentation.rb:40:in `block (2 levels) in render'
/Users/rabarroso/.rvm/gems/ruby-1.9.2-p136@tallerarmero/gems/activesupport-3.0.3/lib/active_support/core_ext/benchmark.rb:5:in `block in ms'
/Users/rabarroso/.rvm/rubies/ruby-1.9.2-p136/lib/ruby/1.9.1/benchmark.rb:309:in `realtime'
/Users/rabarroso/.rvm/gems/ruby-1.9.2-p136@tallerarmero/gems/activesupport-3.0.3/lib/active_support/core_ext/benchmark.rb:5:in `ms'
/Users/rabarroso/.rvm/gems/ruby-1.9.2-p136@tallerarmero/gems/actionpack-3.0.3/lib/action_controller/metal/instrumentation.rb:40:in `block in render'
/Users/rabarroso/.rvm/gems/ruby-1.9.2-p136@tallerarmero/gems/actionpack-3.0.3/lib/action_controller/metal/instrumentation.rb:78:in `cleanup_view_runtime'
/Users/rabarroso/.rvm/gems/ruby-1.9.2-p136@tallerarmero/gems/activerecord-3.0.3/lib/active_record/railties/controller_runtime.rb:15:in `cleanup_view_runtime'
/Users/rabarroso/.rvm/gems/ruby-1.9.2-p136@tallerarmero/gems/actionpack-3.0.3/lib/action_controller/metal/instrumentation.rb:39:in `render'
/Users/rabarroso/.rvm/gems/ruby-1.9.2-p136@tallerarmero/gems/actionpack-3.0.3/lib/action_controller/metal/implicit_render.rb:10:in `default_render'
/Users/rabarroso/.rvm/gems/ruby-1.9.2-p136@tallerarmero/gems/actionpack-3.0.3/lib/action_controller/metal/implicit_render.rb:5:in `send_action'
/Users/rabarroso/.rvm/gems/ruby-1.9.2-p136@tallerarmero/gems/actionpack-3.0.3/lib/abstract_controller/base.rb:151:in `process_action'
/Users/rabarroso/.rvm/gems/ruby-1.9.2-p136@tallerarmero/gems/actionpack-3.0.3/lib/action_controller/metal/rendering.rb:11:in `process_action'
/Users/rabarroso/.rvm/gems/ruby-1.9.2-p136@tallerarmero/gems/actionpack-3.0.3/lib/abstract_controller/callbacks.rb:18:in `block in process_action'
/Users/rabarroso/.rvm/gems/ruby-1.9.2-p136@tallerarmero/gems/activesupport-3.0.3/lib/active_support/callbacks.rb:430:in `_run__2281672206633112188__process_action__4547955041431141668__callbacks'
/Users/rabarroso/.rvm/gems/ruby-1.9.2-p136@tallerarmero/gems/activesupport-3.0.3/lib/active_support/callbacks.rb:409:in `_run_process_action_callbacks'
/Users/rabarroso/.rvm/gems/ruby-1.9.2-p136@tallerarmero/gems/activesupport-3.0.3/lib/active_support/callbacks.rb:93:in `run_callbacks'
/Users/rabarroso/.rvm/gems/ruby-1.9.2-p136@tallerarmero/gems/actionpack-3.0.3/lib/abstract_controller/callbacks.rb:17:in `process_action'
/Users/rabarroso/.rvm/gems/ruby-1.9.2-p136@tallerarmero/gems/actionpack-3.0.3/lib/action_controller/metal/instrumentation.rb:30:in `block in process_action'
/Users/rabarroso/.rvm/gems/ruby-1.9.2-p136@tallerarmero/gems/activesupport-3.0.3/lib/active_support/notifications.rb:52:in `block in instrument'
/Users/rabarroso/.rvm/gems/ruby-1.9.2-p136@tallerarmero/gems/activesupport-3.0.3/lib/active_support/notifications/instrumenter.rb:21:in `instrument'
/Users/rabarroso/.rvm/gems/ruby-1.9.2-p136@tallerarmero/gems/activesupport-3.0.3/lib/active_support/notifications.rb:52:in `instrument'
/Users/rabarroso/.rvm/gems/ruby-1.9.2-p136@tallerarmero/gems/actionpack-3.0.3/lib/action_controller/metal/instrumentation.rb:29:in `process_action'
/Users/rabarroso/.rvm/gems/ruby-1.9.2-p136@tallerarmero/gems/actionpack-3.0.3/lib/action_controller/metal/rescue.rb:17:in `process_action'
/Users/rabarroso/.rvm/gems/ruby-1.9.2-p136@tallerarmero/gems/actionpack-3.0.3/lib/abstract_controller/base.rb:120:in `process'
/Users/rabarroso/.rvm/gems/ruby-1.9.2-p136@tallerarmero/gems/actionpack-3.0.3/lib/abstract_controller/rendering.rb:40:in `process'
/Users/rabarroso/.rvm/gems/ruby-1.9.2-p136@tallerarmero/gems/actionpack-3.0.3/lib/action_controller/metal.rb:138:in `dispatch'
/Users/rabarroso/.rvm/gems/ruby-1.9.2-p136@tallerarmero/gems/actionpack-3.0.3/lib/action_controller/metal/rack_delegation.rb:14:in `dispatch'
/Users/rabarroso/.rvm/gems/ruby-1.9.2-p136@tallerarmero/gems/actionpack-3.0.3/lib/action_controller/metal.rb:178:in `block in action'
/Users/rabarroso/.rvm/gems/ruby-1.9.2-p136@tallerarmero/gems/actionpack-3.0.3/lib/action_dispatch/routing/route_set.rb:62:in `call'
/Users/rabarroso/.rvm/gems/ruby-1.9.2-p136@tallerarmero/gems/actionpack-3.0.3/lib/action_dispatch/routing/route_set.rb:62:in `dispatch'
/Users/rabarroso/.rvm/gems/ruby-1.9.2-p136@tallerarmero/gems/actionpack-3.0.3/lib/action_dispatch/routing/route_set.rb:27:in `call'
/Users/rabarroso/.rvm/gems/ruby-1.9.2-p136@tallerarmero/gems/rack-mount-0.6.13/lib/rack/mount/route_set.rb:148:in `block in call'
/Users/rabarroso/.rvm/gems/ruby-1.9.2-p136@tallerarmero/gems/rack-mount-0.6.13/lib/rack/mount/code_generation.rb:93:in `block in recognize'
/Users/rabarroso/.rvm/gems/ruby-1.9.2-p136@tallerarmero/gems/rack-mount-0.6.13/lib/rack/mount/code_generation.rb:68:in `optimized_each'
/Users/rabarroso/.rvm/gems/ruby-1.9.2-p136@tallerarmero/gems/rack-mount-0.6.13/lib/rack/mount/code_generation.rb:92:in `recognize'
/Users/rabarroso/.rvm/gems/ruby-1.9.2-p136@tallerarmero/gems/rack-mount-0.6.13/lib/rack/mount/route_set.rb:139:in `call'
/Users/rabarroso/.rvm/gems/ruby-1.9.2-p136@tallerarmero/gems/actionpack-3.0.3/lib/action_dispatch/routing/route_set.rb:492:in `call'
/Users/rabarroso/.rvm/gems/ruby-1.9.2-p136@tallerarmero/gems/actionpack-3.0.3/lib/action_dispatch/middleware/best_standards_support.rb:17:in `call'
/Users/rabarroso/.rvm/gems/ruby-1.9.2-p136@tallerarmero/gems/actionpack-3.0.3/lib/action_dispatch/middleware/head.rb:14:in `call'
/Users/rabarroso/.rvm/gems/ruby-1.9.2-p136@tallerarmero/gems/rack-1.2.1/lib/rack/methodoverride.rb:24:in `call'
/Users/rabarroso/.rvm/gems/ruby-1.9.2-p136@tallerarmero/gems/actionpack-3.0.3/lib/action_dispatch/middleware/params_parser.rb:21:in `call'
/Users/rabarroso/.rvm/gems/ruby-1.9.2-p136@tallerarmero/gems/actionpack-3.0.3/lib/action_dispatch/middleware/flash.rb:182:in `call'
/Users/rabarroso/.rvm/gems/ruby-1.9.2-p136@tallerarmero/gems/actionpack-3.0.3/lib/action_dispatch/middleware/session/abstract_store.rb:149:in `call'
/Users/rabarroso/.rvm/gems/ruby-1.9.2-p136@tallerarmero/gems/actionpack-3.0.3/lib/action_dispatch/middleware/cookies.rb:295:in `call'
/Users/rabarroso/.rvm/gems/ruby-1.9.2-p136@tallerarmero/gems/activerecord-3.0.3/lib/active_record/query_cache.rb:32:in `block in call'
/Users/rabarroso/.rvm/gems/ruby-1.9.2-p136@tallerarmero/gems/activerecord-3.0.3/lib/active_record/connection_adapters/abstract/query_cache.rb:28:in `cache'
/Users/rabarroso/.rvm/gems/ruby-1.9.2-p136@tallerarmero/gems/activerecord-3.0.3/lib/active_record/query_cache.rb:12:in `cache'
/Users/rabarroso/.rvm/gems/ruby-1.9.2-p136@tallerarmero/gems/activerecord-3.0.3/lib/active_record/query_cache.rb:31:in `call'
/Users/rabarroso/.rvm/gems/ruby-1.9.2-p136@tallerarmero/gems/activerecord-3.0.3/lib/active_record/connection_adapters/abstract/connection_pool.rb:353:in `call'
/Users/rabarroso/.rvm/gems/ruby-1.9.2-p136@tallerarmero/gems/actionpack-3.0.3/lib/action_dispatch/middleware/callbacks.rb:46:in `block in call'
/Users/rabarroso/.rvm/gems/ruby-1.9.2-p136@tallerarmero/gems/activesupport-3.0.3/lib/active_support/callbacks.rb:415:in `_run_call_callbacks'
/Users/rabarroso/.rvm/gems/ruby-1.9.2-p136@tallerarmero/gems/actionpack-3.0.3/lib/action_dispatch/middleware/callbacks.rb:44:in `call'
/Users/rabarroso/.rvm/gems/ruby-1.9.2-p136@tallerarmero/gems/rack-1.2.1/lib/rack/sendfile.rb:107:in `call'
/Users/rabarroso/.rvm/gems/ruby-1.9.2-p136@tallerarmero/gems/actionpack-3.0.3/lib/action_dispatch/middleware/remote_ip.rb:48:in `call'
/Users/rabarroso/.rvm/gems/ruby-1.9.2-p136@tallerarmero/gems/actionpack-3.0.3/lib/action_dispatch/middleware/show_exceptions.rb:46:in `call'
/Users/rabarroso/.rvm/gems/ruby-1.9.2-p136@tallerarmero/gems/railties-3.0.3/lib/rails/rack/logger.rb:13:in `call'
/Users/rabarroso/.rvm/gems/ruby-1.9.2-p136@tallerarmero/gems/rack-1.2.1/lib/rack/runtime.rb:17:in `call'
/Users/rabarroso/.rvm/gems/ruby-1.9.2-p136@tallerarmero/gems/activesupport-3.0.3/lib/active_support/cache/strategy/local_cache.rb:72:in `call'
/Users/rabarroso/.rvm/gems/ruby-1.9.2-p136@tallerarmero/gems/rack-1.2.1/lib/rack/lock.rb:11:in `block in call'
<internal:prelude>:10:in `synchronize'
/Users/rabarroso/.rvm/gems/ruby-1.9.2-p136@tallerarmero/gems/rack-1.2.1/lib/rack/lock.rb:11:in `call'
/Users/rabarroso/.rvm/gems/ruby-1.9.2-p136@tallerarmero/gems/actionpack-3.0.3/lib/action_dispatch/middleware/static.rb:30:in `call'
/Users/rabarroso/.rvm/gems/ruby-1.9.2-p136@tallerarmero/gems/railties-3.0.3/lib/rails/application.rb:168:in `call'
/Users/rabarroso/.rvm/gems/ruby-1.9.2-p136@tallerarmero/gems/railties-3.0.3/lib/rails/application.rb:77:in `method_missing'
/Users/rabarroso/.rvm/gems/ruby-1.9.2-p136@tallerarmero/gems/railties-3.0.3/lib/rails/rack/log_tailer.rb:14:in `call'
/Users/rabarroso/.rvm/gems/ruby-1.9.2-p136@tallerarmero/gems/rack-1.2.1/lib/rack/content_length.rb:13:in `call'
/Users/rabarroso/.rvm/gems/ruby-1.9.2-p136@tallerarmero/gems/rack-1.2.1/lib/rack/handler/webrick.rb:52:in `service'
/Users/rabarroso/.rvm/rubies/ruby-1.9.2-p136/lib/ruby/1.9.1/webrick/httpserver.rb:111:in `service'
/Users/rabarroso/.rvm/rubies/ruby-1.9.2-p136/lib/ruby/1.9.1/webrick/httpserver.rb:70:in `run'
/Users/rabarroso/.rvm/rubies/ruby-1.9.2-p136/lib/ruby/1.9.1/webrick/server.rb:183:in `block in start_thread'
Rendered application/home.html.erb within layouts/application (0.8ms)
Completed   in 3ms

ActionView::Template::Error (/Users/rabarroso/workspace/tallerarmero/app/views/application/home.html.erb:6: syntax error, unexpected keyword_ensure, expecting ')'
/Users/rabarroso/workspace/tallerarmero/app/views/application/home.html.erb:8: syntax error, unexpected keyword_end, expecting ')'):
    3: </div>
    4: 
    5: <h1>TALLER Y REPARACIÓN</h1>
  

Rendered /Users/rabarroso/.rvm/gems/ruby-1.9.2-p136@tallerarmero/gems/actionpack-3.0.3/lib/action_dispatch/middleware/templates/rescues/_trace.erb (1.5ms)
Rendered /Users/rabarroso/.rvm/gems/ruby-1.9.2-p136@tallerarmero/gems/actionpack-3.0.3/lib/action_dispatch/middleware/templates/rescues/_request_and_response.erb (3.2ms)
Rendered /Users/rabarroso/.rvm/gems/ruby-1.9.2-p136@tallerarmero/gems/actionpack-3.0.3/lib/action_dispatch/middleware/templates/rescues/template_error.erb within rescues/layout (10.4ms)


Started GET "/" for 127.0.0.1 at 2011-01-15 20:47:31 +0100
  Processing by ApplicationController#home as HTML
Rendered application/home.html.erb within layouts/application (1.7ms)
Completed 200 OK in 4ms (Views: 4.1ms | ActiveRecord: 0.0ms)


Started GET "/" for 127.0.0.1 at 2011-01-15 20:47:34 +0100
  Processing by ApplicationController#home as HTML
Rendered application/home.html.erb within layouts/application (1.7ms)
Completed 200 OK in 4ms (Views: 4.2ms | ActiveRecord: 0.0ms)


Started GET "/" for 127.0.0.1 at 2011-01-15 20:52:30 +0100
  Processing by ApplicationController#home as HTML
Rendered application/home.html.erb within layouts/application (2.3ms)
Completed 200 OK in 5ms (Views: 5.1ms | ActiveRecord: 0.0ms)


Started GET "/" for 127.0.0.1 at 2011-01-15 20:53:39 +0100
  Processing by ApplicationController#home as HTML
Rendered application/home.html.erb within layouts/application (1.8ms)
Completed 200 OK in 5ms (Views: 4.3ms | ActiveRecord: 0.0ms)


Started GET "/" for 127.0.0.1 at 2011-01-15 20:56:14 +0100
  Processing by ApplicationController#home as HTML
Rendered application/home.html.erb within layouts/application (1.7ms)
Completed 200 OK in 5ms (Views: 4.2ms | ActiveRecord: 0.0ms)


Started GET "/" for 127.0.0.1 at 2011-01-15 20:56:52 +0100
  Processing by ApplicationController#home as HTML
Rendered application/home.html.erb within layouts/application (1.8ms)
Completed 200 OK in 5ms (Views: 4.3ms | ActiveRecord: 0.0ms)


Started GET "/" for 127.0.0.1 at 2011-01-15 20:56:58 +0100
  Processing by ApplicationController#home as HTML
Rendered application/home.html.erb within layouts/application (1.7ms)
Completed 200 OK in 5ms (Views: 4.3ms | ActiveRecord: 0.0ms)


Started GET "/" for 127.0.0.1 at 2011-01-15 21:18:35 +0100
  Processing by ApplicationController#home as HTML
Rendered application/home.html.erb within layouts/application (1.7ms)
Completed 200 OK in 5ms (Views: 4.3ms | ActiveRecord: 0.0ms)


Started GET "/" for 127.0.0.1 at 2011-01-15 21:19:25 +0100
  Processing by ApplicationController#home as HTML
Rendered application/home.html.erb within layouts/application (1.7ms)
Completed 200 OK in 5ms (Views: 4.2ms | ActiveRecord: 0.0ms)


Started GET "/" for 127.0.0.1 at 2011-01-15 21:20:02 +0100
  Processing by ApplicationController#home as HTML
Rendered application/home.html.erb within layouts/application (1.8ms)
Completed 200 OK in 5ms (Views: 4.3ms | ActiveRecord: 0.0ms)


Started GET "/" for 127.0.0.1 at 2011-01-15 21:22:13 +0100
  Processing by ApplicationController#home as HTML
Rendered application/home.html.erb within layouts/application (1.7ms)
Completed 200 OK in 4ms (Views: 4.1ms | ActiveRecord: 0.0ms)


Started GET "/" for 127.0.0.1 at 2011-01-15 21:22:27 +0100
  Processing by ApplicationController#home as HTML
Rendered application/home.html.erb within layouts/application (2.0ms)
Completed 200 OK in 5ms (Views: 4.6ms | ActiveRecord: 0.0ms)


Started GET "/" for 127.0.0.1 at 2011-01-15 21:23:20 +0100
  Processing by ApplicationController#home as HTML
Rendered application/home.html.erb within layouts/application (1.8ms)
Completed 200 OK in 5ms (Views: 4.4ms | ActiveRecord: 0.0ms)


Started GET "/" for 127.0.0.1 at 2011-01-15 21:25:24 +0100
  Processing by ApplicationController#home as HTML
Rendered application/home.html.erb within layouts/application (1.8ms)
Completed 200 OK in 24ms (Views: 24.2ms | ActiveRecord: 0.0ms)


Started GET "/" for 127.0.0.1 at 2011-01-15 21:26:42 +0100
  Processing by ApplicationController#home as HTML
Rendered application/home.html.erb within layouts/application (1.7ms)
Completed 200 OK in 5ms (Views: 4.3ms | ActiveRecord: 0.0ms)


Started GET "/" for 127.0.0.1 at 2011-01-15 21:27:00 +0100
  Processing by ApplicationController#home as HTML
Rendered application/home.html.erb within layouts/application (1.8ms)
Completed 200 OK in 5ms (Views: 4.4ms | ActiveRecord: 0.0ms)


Started GET "/" for 127.0.0.1 at 2011-01-15 21:27:45 +0100
  Processing by ApplicationController#home as HTML
Rendered application/home.html.erb within layouts/application (1.7ms)
Completed 200 OK in 4ms (Views: 4.1ms | ActiveRecord: 0.0ms)


Started GET "/" for 127.0.0.1 at 2011-01-15 21:28:34 +0100
  Processing by ApplicationController#home as HTML
Rendered application/home.html.erb within layouts/application (1.8ms)
Completed 200 OK in 5ms (Views: 4.5ms | ActiveRecord: 0.0ms)


Started GET "/" for 127.0.0.1 at 2011-01-15 21:29:23 +0100
  Processing by ApplicationController#home as HTML
Rendered application/home.html.erb within layouts/application (1.7ms)
Completed 200 OK in 5ms (Views: 4.2ms | ActiveRecord: 0.0ms)


Started GET "/" for 127.0.0.1 at 2011-01-15 21:29:28 +0100
  Processing by ApplicationController#home as HTML
Rendered application/home.html.erb within layouts/application (1.7ms)
Completed 200 OK in 4ms (Views: 4.1ms | ActiveRecord: 0.0ms)


Started GET "/" for 127.0.0.1 at 2011-01-15 21:30:36 +0100
  Processing by ApplicationController#home as HTML
Rendered application/home.html.erb within layouts/application (1.8ms)
Completed 200 OK in 5ms (Views: 4.3ms | ActiveRecord: 0.0ms)


Started GET "/" for 127.0.0.1 at 2011-01-15 21:31:47 +0100
  Processing by ApplicationController#home as HTML
Rendered application/home.html.erb within layouts/application (1.8ms)
Completed 200 OK in 5ms (Views: 4.3ms | ActiveRecord: 0.0ms)


Started GET "/" for 127.0.0.1 at 2011-01-15 21:32:39 +0100
  Processing by ApplicationController#home as HTML
Rendered application/home.html.erb within layouts/application (1.8ms)
Completed 200 OK in 5ms (Views: 4.3ms | ActiveRecord: 0.0ms)


Started GET "/" for 127.0.0.1 at 2011-01-15 21:33:43 +0100
  Processing by ApplicationController#home as HTML
Rendered application/home.html.erb within layouts/application (1.8ms)
Completed 200 OK in 5ms (Views: 4.4ms | ActiveRecord: 0.0ms)


Started GET "/" for 127.0.0.1 at 2011-01-15 21:33:52 +0100
  Processing by ApplicationController#home as HTML
Rendered application/home.html.erb within layouts/application (2.0ms)
Completed 200 OK in 5ms (Views: 4.6ms | ActiveRecord: 0.0ms)


Started GET "/" for 127.0.0.1 at 2011-01-15 21:35:18 +0100
  Processing by ApplicationController#home as HTML
Rendered application/home.html.erb within layouts/application (1.9ms)
Completed 200 OK in 5ms (Views: 4.5ms | ActiveRecord: 0.0ms)


Started GET "/" for 127.0.0.1 at 2011-01-15 21:35:29 +0100
  Processing by ApplicationController#home as HTML
Rendered application/home.html.erb within layouts/application (1.7ms)
Completed 200 OK in 4ms (Views: 4.1ms | ActiveRecord: 0.0ms)


Started GET "/" for 127.0.0.1 at 2011-01-15 21:35:35 +0100
  Processing by ApplicationController#home as HTML
Rendered application/home.html.erb within layouts/application (1.7ms)
Completed 200 OK in 4ms (Views: 4.2ms | ActiveRecord: 0.0ms)


Started GET "/" for 127.0.0.1 at 2011-01-15 21:36:06 +0100
  Processing by ApplicationController#home as HTML
Rendered application/home.html.erb within layouts/application (1.8ms)
Completed 200 OK in 5ms (Views: 4.5ms | ActiveRecord: 0.0ms)


Started GET "/" for 127.0.0.1 at 2011-01-15 21:42:47 +0100
  Processing by ApplicationController#home as HTML
Rendered application/home.html.erb within layouts/application (1.8ms)
Completed 200 OK in 5ms (Views: 4.3ms | ActiveRecord: 0.0ms)


Started GET "/" for 127.0.0.1 at 2011-01-15 21:44:18 +0100
  Processing by ApplicationController#home as HTML
Rendered application/home.html.erb within layouts/application (1.7ms)
Completed 200 OK in 5ms (Views: 4.3ms | ActiveRecord: 0.0ms)


Started GET "/" for 127.0.0.1 at 2011-01-15 21:44:55 +0100
  Processing by ApplicationController#home as HTML
Rendered application/home.html.erb within layouts/application (1.8ms)
Completed 200 OK in 5ms (Views: 4.5ms | ActiveRecord: 0.0ms)


Started GET "/" for 127.0.0.1 at 2011-01-15 21:45:09 +0100
  Processing by ApplicationController#home as HTML
Rendered application/home.html.erb within layouts/application (1.8ms)
Completed 200 OK in 5ms (Views: 4.3ms | ActiveRecord: 0.0ms)


Started GET "/" for 127.0.0.1 at 2011-01-15 21:45:35 +0100
  Processing by ApplicationController#home as HTML
Rendered application/home.html.erb within layouts/application (1.7ms)
Completed 200 OK in 5ms (Views: 4.3ms | ActiveRecord: 0.0ms)


Started GET "/" for 127.0.0.1 at 2011-01-15 21:45:44 +0100
  Processing by ApplicationController#home as HTML
Rendered application/home.html.erb within layouts/application (1.8ms)
Completed 200 OK in 5ms (Views: 4.3ms | ActiveRecord: 0.0ms)


Started GET "/" for 127.0.0.1 at 2011-01-15 21:46:06 +0100
  Processing by ApplicationController#home as HTML
Rendered application/home.html.erb within layouts/application (1.9ms)
Completed 200 OK in 5ms (Views: 4.9ms | ActiveRecord: 0.0ms)


Started GET "/" for 127.0.0.1 at 2011-01-15 21:46:36 +0100
  Processing by ApplicationController#home as HTML
Rendered application/home.html.erb within layouts/application (33.5ms)
Completed 200 OK in 36ms (Views: 36.1ms | ActiveRecord: 0.0ms)


Started GET "/" for 127.0.0.1 at 2011-01-15 21:46:47 +0100
  Processing by ApplicationController#home as HTML
Rendered application/home.html.erb within layouts/application (1.7ms)
Completed 200 OK in 4ms (Views: 4.1ms | ActiveRecord: 0.0ms)


Started GET "/" for 127.0.0.1 at 2011-01-15 21:48:01 +0100
  Processing by ApplicationController#home as HTML
Rendered application/home.html.erb within layouts/application (1.8ms)
Completed 200 OK in 5ms (Views: 4.3ms | ActiveRecord: 0.0ms)


Started GET "/" for 127.0.0.1 at 2011-01-15 21:48:39 +0100
  Processing by ApplicationController#home as HTML
Rendered application/home.html.erb within layouts/application (1.9ms)
Completed 200 OK in 5ms (Views: 4.5ms | ActiveRecord: 0.0ms)


Started GET "/" for 127.0.0.1 at 2011-01-15 21:49:16 +0100
  Processing by ApplicationController#home as HTML
Rendered application/home.html.erb within layouts/application (1.7ms)
Completed 200 OK in 5ms (Views: 4.2ms | ActiveRecord: 0.0ms)


Started GET "/" for 127.0.0.1 at 2011-01-15 21:49:21 +0100
  Processing by ApplicationController#home as HTML
Rendered application/home.html.erb within layouts/application (1.8ms)
Completed 200 OK in 5ms (Views: 4.3ms | ActiveRecord: 0.0ms)


Started GET "/" for 127.0.0.1 at 2011-01-15 21:49:45 +0100
  Processing by ApplicationController#home as HTML
Rendered application/home.html.erb within layouts/application (1.9ms)
Completed 200 OK in 5ms (Views: 4.6ms | ActiveRecord: 0.0ms)


Started GET "/" for 127.0.0.1 at 2011-01-16 18:37:17 +0100
  Processing by ApplicationController#home as HTML
Rendered application/home.html.erb within layouts/application (2.5ms)
Completed 200 OK in 40ms (Views: 40.1ms | ActiveRecord: 0.0ms)


Started GET "/" for 127.0.0.1 at 2011-01-16 18:38:41 +0100
  Processing by ApplicationController#home as HTML
Rendered application/home.html.erb within layouts/application (1.7ms)
Completed 200 OK in 4ms (Views: 4.1ms | ActiveRecord: 0.0ms)


Started GET "/" for 127.0.0.1 at 2011-01-16 18:42:12 +0100
  Processing by ApplicationController#home as HTML
Rendered application/home.html.erb within layouts/application (1.9ms)
Completed 200 OK in 5ms (Views: 4.5ms | ActiveRecord: 0.0ms)


Started GET "/" for 127.0.0.1 at 2011-01-16 19:05:59 +0100
  Processing by ApplicationController#home as HTML
Rendered application/home.html.erb within layouts/application (1.8ms)
Completed 200 OK in 5ms (Views: 4.4ms | ActiveRecord: 0.0ms)


Started GET "/" for 127.0.0.1 at 2011-01-16 19:13:27 +0100
  Processing by ApplicationController#home as HTML
Rendered application/home.html.erb within layouts/application (1.9ms)
Completed 200 OK in 17ms (Views: 16.5ms | ActiveRecord: 0.0ms)


Started GET "/" for 127.0.0.1 at 2011-01-16 19:14:15 +0100
  Processing by ApplicationController#home as HTML
Rendered application/home.html.erb within layouts/application (1.8ms)
Completed 200 OK in 5ms (Views: 4.5ms | ActiveRecord: 0.0ms)


Started GET "/" for 127.0.0.1 at 2011-01-16 19:14:50 +0100
  Processing by ApplicationController#home as HTML
Rendered application/home.html.erb within layouts/application (30.7ms)
Completed 200 OK in 34ms (Views: 33.3ms | ActiveRecord: 0.0ms)


Started GET "/" for 127.0.0.1 at 2011-01-16 19:15:24 +0100
  Processing by ApplicationController#home as HTML
Rendered application/home.html.erb within layouts/application (6.4ms)
Completed 200 OK in 10ms (Views: 9.4ms | ActiveRecord: 0.0ms)
